SF:lib/src/features/programs/domain/cycle.dart
DA:6,1
DA:11,0
DA:12,0
DA:13,0
DA:14,0
DA:15,0
DA:17,0
DA:18,0
DA:21,0
DA:22,0
DA:23,0
DA:24,0
DA:28,0
DA:33,0
DA:34,0
DA:35,0
DA:39,0
DA:40,0
DA:42,1
DA:47,3
DA:48,3
DA:51,0
DA:52,0
LF:23
LH:4
end_of_record
SF:lib/src/features/programs/presentation/widgets/days_of_week_widget.dart
DA:20,2
DA:22,1
DA:23,1
DA:30,1
DA:32,2
DA:33,1
DA:35,1
DA:37,1
DA:38,2
DA:45,1
DA:46,1
DA:47,2
DA:48,2
LF:13
LH:13
end_of_record
SF:lib/utils.dart
DA:11,1
DA:12,1
DA:14,1
DA:15,1
DA:19,0
DA:24,1
DA:25,2
DA:26,1
DA:30,0
DA:31,0
DA:32,0
DA:33,0
DA:34,0
DA:35,0
DA:36,0
DA:37,0
DA:40,1
DA:41,2
DA:42,5
DA:47,7
DA:50,1
DA:51,1
DA:52,1
DA:53,2
DA:55,1
DA:56,1
DA:57,1
DA:58,1
DA:59,1
DA:60,1
DA:61,1
DA:62,1
DA:63,1
DA:64,1
DA:65,1
DA:66,1
DA:67,1
DA:68,1
DA:74,2
DA:76,2
DA:78,2
DA:80,2
DA:82,2
DA:84,2
DA:86,1
DA:88,1
DA:94,1
DA:95,2
DA:96,1
DA:97,1
DA:98,1
DA:103,1
DA:104,3
DA:105,1
DA:106,1
LF:55
LH:46
end_of_record
SF:lib/src/common_widgets/alert_dialogs.dart
DA:4,0
DA:11,0
DA:14,0
DA:18,0
DA:19,0
DA:24,0
DA:29,0
DA:31,0
DA:32,0
DA:33,0
DA:35,0
DA:36,0
DA:37,0
DA:45,0
DA:50,0
DA:53,0
LF:16
LH:0
end_of_record
SF:lib/src/common_widgets/gardenifi_logo.dart
DA:4,1
DA:13,1
DA:15,1
DA:18,3
LF:4
LH:4
end_of_record
SF:lib/src/common_widgets/menu_button.dart
DA:14,1
DA:27,1
DA:29,2
DA:30,1
DA:32,1
DA:34,1
DA:36,2
DA:37,1
DA:38,1
DA:41,1
DA:43,2
DA:44,0
DA:45,0
DA:50,2
DA:51,1
DA:53,2
DA:54,0
DA:55,0
DA:56,0
DA:57,0
DA:59,0
DA:60,0
DA:61,0
DA:62,0
DA:68,2
DA:69,1
DA:71,0
DA:72,0
DA:74,0
DA:75,0
DA:76,0
DA:77,0
DA:78,0
DA:79,0
DA:80,0
DA:83,2
DA:87,2
DA:88,1
DA:90,0
DA:91,0
DA:93,0
DA:94,0
DA:95,0
DA:96,0
DA:97,0
DA:98,0
DA:99,0
DA:102,2
DA:104,1
DA:110,1
DA:112,2
DA:113,0
DA:117,1
DA:119,2
DA:120,0
DA:121,0
DA:123,0
DA:124,0
DA:125,0
DA:126,0
DA:127,0
DA:128,0
DA:133,2
DA:137,0
LF:64
LH:26
end_of_record
SF:lib/src/common_widgets/snackbar.dart
DA:3,0
DA:4,0
DA:5,0
DA:6,0
DA:7,0
DA:13,0
LF:6
LH:0
end_of_record
SF:lib/src/features/mqtt/presentation/mqtt_controller.dart
DA:15,2
DA:21,1
DA:22,3
DA:23,1
DA:24,0
DA:25,0
DA:26,0
DA:27,0
DA:29,0
DA:32,0
DA:33,0
DA:35,0
DA:37,0
DA:39,0
DA:41,0
DA:43,0
DA:46,0
DA:49,0
DA:50,0
DA:51,0
DA:54,0
DA:55,0
DA:58,0
DA:59,0
DA:60,0
DA:61,0
DA:62,0
DA:63,0
DA:64,0
DA:66,0
DA:67,0
DA:68,0
DA:69,0
DA:71,0
DA:73,0
DA:75,0
DA:76,0
DA:79,0
DA:81,0
DA:83,0
DA:84,0
DA:87,0
DA:88,0
DA:91,0
DA:92,0
DA:94,0
DA:95,0
DA:98,0
DA:99,0
DA:101,0
DA:102,0
DA:105,0
DA:107,0
DA:108,0
DA:110,0
DA:112,0
DA:117,0
DA:118,0
DA:119,0
DA:120,0
DA:123,0
DA:124,0
DA:125,0
DA:128,0
DA:129,0
DA:130,0
DA:131,0
DA:134,0
DA:135,0
DA:136,0
DA:137,0
DA:143,2
DA:144,1
DA:146,5
DA:148,5
DA:150,0
DA:152,5
DA:154,4
DA:156,4
DA:158,4
LF:80
LH:12
end_of_record
SF:lib/src/features/programs/presentation/widgets/about_dialog.dart
DA:9,0
DA:13,0
DA:14,0
DA:15,0
DA:16,0
DA:18,0
DA:19,0
DA:21,0
DA:27,0
DA:29,0
DA:30,0
DA:31,0
DA:32,0
DA:34,0
DA:35,0
DA:37,0
DA:39,0
DA:40,0
DA:41,0
LF:19
LH:0
end_of_record
SF:lib/src/features/programs/presentation/widgets/show_add_remov_bottomsheet.dart
DA:8,0
DA:9,0
DA:10,0
DA:12,0
DA:13,0
DA:15,0
DA:17,0
DA:18,0
DA:19,0
DA:35,0
DA:36,0
DA:37,0
DA:39,0
LF:13
LH:0
end_of_record
SF:lib/src/localization/app_localizations_provider.dart
DA:8,4
DA:11,4
DA:12,0
DA:13,0
DA:14,0
DA:17,1
DA:19,0
DA:20,0
DA:21,0
DA:22,0
DA:26,1
DA:27,1
DA:28,3
DA:30,1
DA:34,1
DA:38,0
DA:40,0
DA:41,0
LF:18
LH:8
end_of_record
SF:lib/src/common_widgets/screen_upper_portrait.dart
DA:6,0
DA:27,0
DA:29,0
DA:30,0
DA:31,0
DA:32,0
DA:33,0
DA:35,0
DA:36,0
DA:37,0
DA:44,0
DA:46,0
DA:47,0
DA:48,0
DA:49,0
DA:56,0
DA:57,0
DA:60,0
DA:61,0
DA:62,0
DA:63,0
DA:64,0
DA:67,0
DA:68,0
DA:69,0
DA:70,0
DA:72,0
DA:73,0
LF:28
LH:0
end_of_record
SF:lib/src/features/programs/presentation/program_controller.dart
DA:16,1
DA:19,0
DA:21,0
DA:22,0
DA:23,0
DA:24,0
DA:27,0
DA:31,0
DA:32,0
DA:33,0
DA:34,0
DA:35,0
DA:37,0
DA:38,0
DA:39,0
DA:40,0
DA:41,0
DA:42,0
DA:48,0
DA:49,0
DA:50,0
DA:51,0
DA:52,0
DA:55,1
DA:56,1
DA:57,0
DA:64,1
DA:66,1
DA:67,0
DA:69,1
DA:73,1
DA:74,3
DA:75,1
DA:76,1
DA:77,1
DA:81,3
DA:82,3
DA:83,2
DA:85,1
DA:90,1
DA:91,3
DA:92,3
DA:93,1
DA:94,1
DA:95,1
DA:97,1
DA:98,1
DA:101,1
DA:102,3
DA:103,1
DA:104,0
DA:106,2
DA:109,4
DA:114,1
DA:115,1
DA:116,0
DA:117,0
DA:118,0
DA:119,0
DA:120,0
DA:121,0
DA:127,0
DA:128,0
DA:129,0
DA:130,0
DA:131,0
DA:132,0
DA:134,0
DA:135,0
DA:137,0
DA:143,1
DA:144,1
DA:145,1
DA:146,0
DA:148,1
DA:154,4
DA:155,1
LF:77
LH:36
end_of_record
SF:lib/src/constants/mqtt_constants.dart
DA:9,0
DA:10,0
LF:2
LH:0
end_of_record
SF:lib/src/features/programs/domain/program.dart
DA:10,0
DA:20,0
DA:21,0
DA:22,0
DA:23,0
DA:25,0
DA:26,0
DA:27,0
DA:28,0
DA:29,0
DA:31,0
DA:32,0
DA:33,0
DA:34,0
DA:36,0
DA:38,0
DA:42,0
DA:47,0
DA:48,0
DA:49,0
DA:50,0
DA:51,0
DA:52,0
DA:53,0
DA:57,0
DA:59,0
LF:26
LH:0
end_of_record
SF:lib/src/features/programs/presentation/screens/create_program_screen.dart
DA:21,1
DA:26,1
DA:28,1
DA:36,1
DA:38,3
DA:39,3
DA:40,5
DA:41,6
DA:42,6
DA:44,1
DA:48,1
DA:50,1
DA:52,1
DA:56,0
DA:58,0
DA:64,1
DA:65,1
DA:66,2
DA:67,1
DA:68,2
DA:71,1
DA:73,3
DA:74,3
DA:75,1
DA:77,3
DA:78,3
DA:79,3
DA:80,3
DA:82,3
DA:84,1
DA:85,3
DA:86,0
DA:88,0
DA:90,0
DA:91,0
DA:92,0
DA:93,0
DA:94,0
DA:95,0
DA:99,1
DA:101,2
DA:102,1
DA:103,0
DA:105,1
DA:111,1
DA:118,1
DA:119,1
DA:120,1
DA:121,2
DA:122,1
DA:123,1
DA:124,1
DA:125,1
DA:127,1
DA:129,1
DA:130,1
DA:132,1
DA:133,1
DA:138,0
DA:139,0
DA:140,0
DA:145,1
DA:146,0
DA:147,0
DA:151,1
DA:153,1
DA:154,1
DA:155,1
DA:157,2
DA:169,0
DA:178,0
DA:179,0
DA:181,0
DA:183,0
DA:184,0
DA:185,0
DA:186,0
DA:188,0
DA:191,0
DA:196,0
DA:198,0
DA:200,0
DA:201,0
DA:207,0
DA:208,0
DA:214,1
DA:215,2
DA:216,1
DA:217,1
DA:218,1
DA:225,1
DA:226,1
DA:228,1
DA:230,1
DA:231,1
DA:232,0
DA:234,0
DA:235,0
DA:236,0
DA:238,0
DA:239,0
DA:240,0
DA:241,0
DA:243,0
DA:247,1
DA:248,1
DA:249,1
DA:250,2
DA:251,1
DA:255,1
DA:256,1
DA:257,0
DA:258,0
DA:259,0
DA:275,5
DA:276,0
DA:277,5
DA:278,4
LF:118
LH:73
end_of_record
SF:lib/src/features/programs/presentation/widgets/button_add_cycle.dart
DA:13,1
DA:26,1
DA:28,2
DA:31,1
DA:32,2
DA:34,0
DA:35,0
DA:37,0
DA:38,0
DA:44,0
DA:46,0
DA:47,0
DA:48,0
DA:51,0
DA:53,0
DA:55,0
DA:57,0
DA:58,0
DA:62,2
LF:19
LH:6
end_of_record
SF:lib/src/features/programs/presentation/widgets/cycles_widget.dart
DA:16,2
DA:18,0
DA:19,0
DA:23,0
DA:25,0
DA:26,0
DA:27,0
DA:28,0
DA:29,0
DA:31,0
DA:32,0
DA:33,0
DA:34,0
DA:36,0
DA:38,0
DA:39,0
DA:40,0
DA:43,0
DA:44,0
DA:45,0
DA:47,0
DA:48,0
DA:49,0
DA:50,0
DA:51,0
DA:52,0
DA:62,0
DA:63,0
DA:64,0
DA:65,0
DA:66,0
DA:67,0
DA:70,0
DA:76,0
DA:77,0
DA:78,0
DA:79,0
DA:80,0
DA:83,0
DA:88,0
DA:91,0
DA:92,0
DA:93,0
DA:94,0
DA:98,0
DA:100,0
DA:101,0
DA:103,0
DA:105,0
DA:108,0
DA:113,0
DA:117,0
DA:118,0
LF:53
LH:1
end_of_record
SF:lib/src/features/programs/presentation/widgets/button_delete_program.dart
DA:12,0
DA:23,0
DA:25,0
DA:26,0
DA:27,0
DA:28,0
DA:29,0
DA:31,0
DA:32,0
DA:34,0
DA:35,0
DA:36,0
DA:37,0
DA:38,0
DA:39,0
DA:40,0
LF:16
LH:0
end_of_record
SF:lib/src/features/programs/presentation/widgets/button_save_program.dart
DA:15,0
DA:23,0
DA:32,0
DA:34,0
DA:35,0
DA:36,0
DA:37,0
DA:38,0
DA:39,0
DA:40,0
DA:41,0
DA:43,0
DA:47,0
DA:48,0
DA:51,0
DA:52,0
DA:54,0
DA:56,0
DA:57,0
DA:59,0
DA:60,0
DA:61,0
LF:22
LH:0
end_of_record
SF:lib/src/features/programs/presentation/widgets/add_remove_valve_widget.dart
DA:15,2
DA:20,0
DA:21,0
DA:22,0
DA:23,0
DA:27,0
DA:29,0
DA:30,0
DA:32,0
DA:34,0
DA:35,0
DA:37,0
DA:38,0
DA:39,0
DA:40,0
DA:43,0
DA:44,0
DA:45,0
DA:46,0
DA:48,0
DA:49,0
DA:50,0
DA:52,0
DA:54,0
DA:55,0
DA:56,0
DA:57,0
DA:58,0
DA:59,0
DA:60,0
DA:61,0
DA:62,0
DA:67,0
DA:69,0
DA:70,0
DA:71,0
DA:74,0
DA:75,0
LF:38
LH:1
end_of_record
SF:lib/src/features/programs/presentation/widgets/showDuratonPicker.dart
DA:7,0
DA:8,0
DA:10,0
DA:13,0
DA:14,0
DA:15,0
DA:16,0
DA:17,0
DA:20,0
DA:22,0
DA:23,0
DA:28,0
DA:29,0
DA:30,0
DA:31,0
DA:33,0
DA:34,0
DA:35,0
LF:18
LH:0
end_of_record
SF:lib/src/features/programs/presentation/widgets/day_button.dart
DA:10,1
DA:15,1
DA:16,1
DA:20,1
DA:22,1
DA:25,1
DA:27,3
DA:29,3
DA:30,3
DA:32,1
DA:33,1
DA:34,2
DA:36,1
DA:37,1
DA:38,4
DA:39,1
DA:41,1
DA:44,2
DA:45,0
DA:46,0
DA:47,0
DA:48,0
DA:50,0
DA:52,0
DA:53,0
DA:54,0
DA:55,0
DA:57,0
DA:58,0
DA:59,0
LF:30
LH:18
end_of_record
SF:lib/src/features/mqtt/data/mqtt_repository.dart
DA:25,2
DA:31,1
DA:33,2
DA:35,2
DA:36,2
DA:37,2
DA:38,2
DA:39,3
DA:40,3
DA:41,3
DA:42,2
DA:43,2
DA:44,2
DA:45,1
DA:48,1
DA:51,1
DA:52,1
DA:55,1
DA:61,1
DA:62,1
DA:65,1
DA:66,1
DA:69,0
DA:70,0
DA:71,0
DA:72,0
DA:74,0
DA:75,0
DA:77,0
DA:78,0
DA:82,0
DA:83,0
DA:84,0
DA:85,0
DA:88,0
DA:89,0
DA:90,0
DA:91,0
DA:94,0
DA:95,0
DA:101,4
DA:102,1
LF:42
LH:24
end_of_record
SF:lib/src/features/programs/presentation/widgets/valves_widget.dart
DA:20,1
DA:24,1
DA:25,1
DA:30,0
DA:31,0
DA:34,0
DA:35,0
DA:38,1
DA:40,1
DA:43,1
DA:45,3
DA:46,3
DA:47,3
DA:49,1
DA:50,1
DA:51,0
DA:52,0
DA:53,0
DA:55,1
DA:56,1
DA:57,1
DA:58,1
DA:59,3
DA:61,1
DA:63,4
DA:64,3
DA:68,4
DA:71,1
DA:73,1
DA:75,0
DA:76,1
DA:77,0
DA:78,0
DA:79,1
DA:83,4
DA:85,4
DA:89,2
DA:90,1
DA:91,2
DA:92,4
DA:95,1
DA:97,1
DA:99,1
DA:101,0
DA:102,0
DA:105,1
DA:106,0
DA:107,0
DA:108,0
DA:109,0
DA:111,0
DA:114,2
DA:116,0
DA:117,1
DA:118,2
DA:120,2
DA:122,2
DA:123,1
DA:124,1
DA:126,1
DA:127,1
DA:128,1
DA:129,1
DA:131,1
DA:132,2
DA:135,1
DA:136,0
DA:137,0
DA:139,0
DA:140,0
DA:141,0
DA:142,0
DA:143,0
DA:144,0
DA:146,0
DA:151,0
DA:152,0
DA:157,1
DA:158,2
DA:159,0
DA:160,1
DA:162,0
DA:163,0
DA:167,0
DA:168,0
LF:85
LH:51
end_of_record
SF:lib/src/root_app.dart
DA:12,1
DA:16,1
DA:18,1
DA:19,2
DA:20,1
DA:23,2
DA:31,2
DA:35,1
DA:36,0
DA:37,0
DA:38,0
DA:39,0
DA:40,0
DA:41,0
LF:14
LH:8
end_of_record
SF:lib/src/common_widgets/big_green_button.dart
DA:7,0
DA:18,0
DA:20,0
DA:21,0
DA:23,0
DA:25,0
DA:26,0
DA:28,0
DA:29,0
DA:30,0
DA:31,0
DA:32,0
DA:33,0
DA:34,0
DA:36,0
LF:15
LH:0
end_of_record
SF:lib/src/common_widgets/bottom_screen_widget.dart
DA:7,0
DA:28,0
DA:30,0
DA:31,0
DA:33,0
DA:34,0
DA:36,0
DA:37,0
DA:41,0
LF:9
LH:0
end_of_record
SF:lib/src/common_widgets/button_placeholder.dart
DA:4,5
DA:8,0
DA:10,0
DA:12,0
LF:4
LH:1
end_of_record
SF:lib/src/common_widgets/error_message_widget.dart
DA:4,0
DA:7,0
DA:9,0
DA:11,0
DA:13,0
DA:15,0
DA:16,0
DA:17,0
LF:8
LH:0
end_of_record
SF:lib/src/common_widgets/no_bluetooth_widget.dart
DA:9,0
DA:16,0
DA:18,0
DA:19,0
DA:21,0
DA:22,0
DA:23,0
DA:26,0
DA:27,0
DA:28,0
DA:29,0
DA:31,0
DA:32,0
LF:13
LH:0
end_of_record
SF:lib/src/features/bluetooth/data/bluetooth_repository.dart
DA:8,0
DA:11,0
DA:17,0
DA:18,0
DA:21,0
DA:22,0
DA:26,0
DA:28,0
DA:30,0
DA:35,0
DA:36,0
DA:39,0
DA:40,0
DA:45,0
DA:47,0
DA:49,0
DA:53,0
DA:54,0
DA:58,0
DA:61,0
DA:63,0
DA:71,0
DA:72,0
DA:76,0
DA:77,0
DA:78,0
DA:79,0
LF:27
LH:0
end_of_record
SF:lib/src/common_widgets/progress_widget.dart
DA:6,0
DA:17,0
DA:19,0
DA:21,0
DA:22,0
DA:23,0
DA:24,0
DA:26,0
DA:27,0
LF:9
LH:0
end_of_record
SF:lib/src/common_widgets/screen_upper_landscape.dart
DA:7,1
DA:28,1
DA:30,1
DA:32,2
DA:33,1
DA:34,3
DA:36,1
DA:37,1
DA:38,1
DA:45,1
DA:47,3
DA:48,1
DA:49,1
DA:50,1
DA:57,1
DA:59,2
DA:60,1
DA:61,1
DA:62,1
DA:63,1
DA:64,1
DA:65,1
DA:67,1
DA:68,1
DA:69,1
DA:70,1
DA:72,1
DA:73,2
LF:28
LH:28
end_of_record
SF:lib/src/features/bluetooth/domain/wifi_network.dart
DA:6,0
DA:12,0
DA:13,0
DA:14,0
DA:15,0
DA:17,0
DA:18,0
DA:19,0
DA:20,0
DA:22,0
DA:24,0
LF:11
LH:0
end_of_record
SF:lib/src/features/bluetooth/domain/wifi_networks.dart
DA:13,0
DA:15,0
DA:17,0
DA:18,0
DA:19,0
DA:20,0
DA:21,0
DA:22,0
DA:23,0
DA:24,0
DA:25,0
DA:28,0
DA:29,0
DA:30,0
DA:31,0
DA:34,0
DA:36,0
LF:17
LH:0
end_of_record
SF:lib/src/features/mqtt/domain/mqtt_broker.dart
DA:7,0
DA:9,0
DA:10,0
DA:11,0
DA:12,0
DA:13,0
DA:15,0
DA:17,0
LF:8
LH:0
end_of_record
SF:lib/src/features/bluetooth/presentation/bluetooth_connection/screens/bluetooth_connection_screen.dart
DA:19,2
DA:21,0
DA:22,0
DA:29,0
DA:32,0
DA:33,0
DA:34,0
DA:36,0
DA:39,0
DA:41,0
DA:42,0
DA:43,0
DA:44,0
DA:47,0
DA:50,0
DA:53,0
DA:55,0
DA:57,0
DA:58,0
DA:61,0
DA:63,0
DA:64,0
DA:65,0
DA:67,0
DA:68,0
DA:69,0
DA:75,0
DA:76,0
DA:77,0
DA:79,0
DA:80,0
DA:82,0
DA:84,0
DA:86,0
DA:87,0
DA:89,0
DA:94,0
DA:95,0
DA:96,0
DA:97,0
DA:98,0
DA:100,0
DA:101,0
DA:102,0
DA:117,0
DA:118,0
DA:119,0
DA:120,0
DA:122,0
DA:123,0
DA:125,0
DA:127,0
DA:130,0
DA:131,0
DA:132,0
DA:133,0
DA:137,0
DA:138,0
DA:140,0
DA:142,0
DA:143,0
DA:144,0
DA:145,0
DA:146,0
DA:150,0
DA:151,0
DA:153,0
DA:156,0
DA:157,0
DA:158,0
DA:159,0
LF:71
LH:1
end_of_record
SF:lib/src/features/bluetooth/presentation/bluetooth_connection/widgets/could_not_connect_bluetooth_widget.dart
DA:9,0
DA:18,0
DA:20,0
DA:21,0
DA:23,0
DA:24,0
DA:25,0
DA:29,0
DA:30,0
DA:31,0
DA:32,0
DA:34,0
DA:35,0
LF:13
LH:0
end_of_record
SF:lib/src/features/bluetooth/presentation/bluetooth_connection/widgets/device_not_found_widget.dart
DA:8,0
DA:15,0
DA:17,0
DA:18,0
DA:20,0
DA:22,0
DA:23,0
DA:24,0
DA:28,0
DA:29,0
DA:32,0
DA:33,0
DA:34,0
DA:35,0
DA:37,0
DA:38,0
LF:16
LH:0
end_of_record
SF:lib/src/features/bluetooth/presentation/bluetooth_connection/widgets/pairing_success_widget.dart
DA:8,1
DA:12,0
DA:14,0
DA:15,0
DA:17,0
DA:18,0
DA:19,0
LF:7
LH:1
end_of_record
SF:lib/src/features/bluetooth/presentation/bluetooth_controller.dart
DA:15,0
DA:18,0
DA:34,0
DA:36,0
DA:38,0
DA:39,0
DA:42,0
DA:44,0
DA:46,0
DA:47,0
DA:48,0
DA:52,0
DA:53,0
DA:54,0
DA:55,0
DA:57,0
DA:58,0
DA:59,0
DA:60,0
DA:61,0
DA:62,0
DA:63,0
DA:70,0
DA:72,0
DA:73,0
DA:75,0
DA:76,0
DA:78,0
DA:79,0
DA:80,0
DA:81,0
DA:82,0
DA:83,0
DA:84,0
DA:86,0
DA:87,0
DA:92,0
DA:96,0
DA:97,0
DA:98,0
DA:101,0
DA:102,0
DA:107,0
DA:108,0
DA:109,0
DA:110,0
DA:115,0
DA:117,0
DA:118,0
DA:122,0
DA:124,0
DA:126,0
DA:127,0
DA:128,0
DA:129,0
DA:132,0
DA:133,0
DA:134,0
DA:135,0
DA:136,0
DA:137,0
DA:140,0
DA:142,0
DA:143,0
DA:144,0
DA:146,0
DA:147,0
DA:149,0
DA:150,0
DA:155,0
DA:156,0
DA:157,0
DA:158,0
DA:160,0
DA:161,0
DA:162,0
DA:169,0
DA:170,0
DA:171,0
DA:172,0
DA:176,0
DA:178,0
DA:182,0
DA:183,0
DA:185,0
DA:186,0
DA:190,0
DA:191,0
DA:192,0
DA:194,0
DA:195,0
DA:199,0
DA:204,0
LF:93
LH:0
end_of_record
SF:lib/src/features/bluetooth/presentation/wifi_connection/screens/wifi_setup_screen.dart
DA:18,0
DA:22,0
DA:23,0
DA:42,0
DA:43,0
DA:44,0
DA:45,0
DA:46,0
DA:51,0
DA:52,0
DA:53,0
DA:54,0
DA:58,0
DA:60,0
DA:62,0
DA:64,0
DA:67,0
DA:70,0
DA:72,0
DA:73,0
DA:74,0
DA:76,0
DA:78,0
DA:80,0
DA:82,0
DA:83,0
DA:84,0
DA:86,0
DA:87,0
DA:88,0
DA:91,0
DA:93,0
DA:94,0
DA:95,0
DA:98,0
DA:100,0
DA:101,0
DA:103,0
DA:104,0
DA:106,0
DA:108,0
DA:109,0
DA:111,0
DA:112,0
DA:114,0
DA:117,0
DA:118,0
DA:120,0
DA:121,0
DA:123,0
DA:125,0
DA:126,0
DA:127,0
DA:129,0
DA:130,0
DA:133,0
DA:134,0
DA:135,0
DA:136,0
DA:140,0
DA:141,0
DA:143,0
DA:146,0
DA:150,0
DA:151,0
DA:153,0
DA:154,0
DA:155,0
DA:157,0
DA:159,0
DA:160,0
DA:161,0
DA:162,0
DA:163,0
DA:164,0
DA:165,0
DA:166,0
DA:167,0
DA:168,0
DA:169,0
DA:171,0
DA:178,0
DA:179,0
DA:180,0
DA:181,0
DA:182,0
DA:183,0
DA:184,0
DA:185,0
DA:193,0
DA:194,0
DA:200,0
DA:201,0
DA:202,0
DA:203,0
DA:204,0
DA:205,0
DA:206,0
DA:207,0
DA:208,0
DA:217,0
DA:218,0
DA:220,0
DA:222,0
LF:104
LH:0
end_of_record
SF:lib/src/features/bluetooth/presentation/bluetooth_connection/screens/welcome_screen.dart
DA:16,1
DA:18,0
DA:20,0
DA:21,0
DA:22,0
DA:25,0
DA:27,0
DA:30,0
DA:32,0
DA:33,0
DA:34,0
DA:39,0
DA:41,0
DA:42,0
DA:43,0
DA:45,0
DA:48,0
DA:49,0
DA:53,0
DA:54,0
DA:55,0
DA:56,0
DA:61,0
DA:62,0
DA:73,0
DA:74,0
DA:75,0
DA:77,0
DA:78,0
DA:79,0
DA:80,0
LF:31
LH:1
end_of_record
SF:lib/src/features/bluetooth/presentation/bluetooth_connection/widgets/connection_lost_widget.dart
DA:9,0
DA:13,0
DA:15,0
DA:16,0
DA:17,0
DA:19,0
DA:20,0
DA:22,0
DA:24,0
DA:25,0
DA:26,0
DA:30,0
DA:31,0
DA:32,0
DA:33,0
DA:35,0
DA:36,0
DA:43,0
DA:45,0
LF:19
LH:0
end_of_record
SF:lib/src/features/bluetooth/presentation/wifi_connection/screens/wifi_connection_screen.dart
DA:12,2
DA:14,0
DA:15,0
DA:19,0
DA:21,0
DA:22,0
DA:25,0
DA:27,0
DA:29,0
DA:30,0
DA:31,0
DA:33,0
DA:34,0
DA:35,0
DA:37,0
DA:38,0
DA:39,0
DA:41,0
DA:42,0
DA:45,0
DA:46,0
LF:21
LH:1
end_of_record
SF:lib/src/features/bluetooth/presentation/wifi_connection/widgets/connection_wifi_success_widget.dart
DA:13,0
DA:22,0
DA:24,0
DA:25,0
DA:26,0
DA:27,0
DA:28,0
DA:30,0
DA:31,0
DA:33,0
DA:35,0
DA:37,0
DA:38,0
DA:39,0
DA:53,0
DA:58,0
DA:59,0
DA:61,0
DA:62,0
DA:63,0
DA:64,0
DA:65,0
LF:22
LH:0
end_of_record
SF:lib/src/features/bluetooth/presentation/wifi_connection/widgets/could_not_connect_to_internet_widget.dart
DA:9,1
DA:11,0
DA:13,0
DA:14,0
DA:15,0
DA:17,0
DA:19,0
DA:20,0
DA:22,0
DA:24,0
DA:25,0
DA:26,0
DA:30,0
DA:31,0
DA:32,0
DA:34,0
DA:35,0
DA:47,0
DA:49,0
DA:51,0
DA:52,0
DA:53,0
DA:54,0
DA:55,0
DA:56,0
LF:25
LH:1
end_of_record
SF:lib/src/features/bluetooth/presentation/wifi_connection/widgets/wait_while_connecting_widget.dart
DA:9,1
DA:13,0
DA:15,0
DA:16,0
DA:17,0
DA:19,0
DA:21,0
DA:22,0
DA:24,0
DA:25,0
LF:10
LH:1
end_of_record
SF:lib/src/features/bluetooth/presentation/wifi_connection/widgets/error_fetching_networks_widget.dart
DA:9,0
DA:16,0
DA:18,0
DA:19,0
DA:20,0
DA:22,0
DA:23,0
DA:25,0
DA:27,0
DA:28,0
DA:29,0
LF:11
LH:0
end_of_record
SF:lib/src/features/bluetooth/presentation/wifi_connection/widgets/refresh_networks_button.dart
DA:6,0
DA:13,0
DA:15,0
DA:16,0
DA:17,0
DA:19,0
LF:6
LH:0
end_of_record
SF:lib/src/features/bluetooth/presentation/wifi_connection/widgets/wait_while_fetching_widget.dart
DA:9,1
DA:13,0
DA:15,0
DA:16,0
DA:17,0
DA:19,0
DA:20,0
DA:22,0
DA:23,0
LF:9
LH:1
end_of_record
SF:lib/src/features/programs/presentation/screens/programs_screen.dart
DA:18,2
DA:20,1
DA:21,1
DA:26,1
DA:28,1
DA:29,2
DA:31,5
DA:34,0
DA:37,0
DA:38,0
DA:42,1
DA:44,3
DA:45,3
DA:46,1
DA:48,3
DA:49,3
DA:50,3
DA:52,3
DA:53,3
DA:54,1
DA:55,0
DA:60,3
DA:62,0
DA:67,1
DA:69,2
DA:70,1
DA:71,0
DA:72,0
DA:73,0
DA:81,0
DA:82,0
DA:87,0
DA:91,0
DA:93,0
DA:94,0
DA:99,1
DA:100,1
DA:102,1
DA:103,1
DA:104,1
DA:112,1
DA:113,1
DA:114,1
DA:115,1
DA:116,1
DA:119,1
DA:120,0
DA:123,1
DA:127,1
DA:130,1
DA:131,3
DA:132,1
LF:52
LH:37
end_of_record
SF:lib/src/features/mqtt/presentation/widgets/can_not_connect_to_broker_widget.dart
DA:9,1
DA:11,0
DA:13,0
DA:14,0
DA:15,0
DA:17,0
DA:19,0
DA:20,0
DA:22,0
DA:24,0
DA:25,0
DA:26,0
DA:27,0
DA:30,0
DA:31,0
DA:35,0
DA:36,0
DA:38,0
DA:40,0
DA:41,0
DA:47,0
DA:49,0
DA:51,0
DA:52,0
DA:53,0
DA:54,0
DA:55,0
DA:56,0
DA:57,0
LF:29
LH:1
end_of_record
SF:lib/src/features/mqtt/presentation/widgets/device_disconnected.dart
DA:7,1
DA:9,0
DA:11,0
DA:12,0
DA:13,0
DA:15,0
DA:16,0
DA:18,0
DA:20,0
DA:21,0
DA:22,0
DA:23,0
DA:26,0
DA:27,0
DA:34,0
DA:36,0
LF:16
LH:1
end_of_record
SF:lib/src/features/mqtt/presentation/widgets/disconnected_from_broker_widget.dart
DA:9,1
DA:11,0
DA:13,0
DA:14,0
DA:15,0
DA:17,0
DA:19,0
DA:20,0
DA:22,0
DA:24,0
DA:25,0
DA:26,0
DA:27,0
DA:30,0
DA:31,0
DA:35,0
DA:36,0
DA:38,0
DA:40,0
DA:41,0
DA:47,0
DA:49,0
DA:51,0
DA:52,0
DA:53,0
DA:54,0
DA:55,0
DA:57,0
DA:58,0
LF:29
LH:1
end_of_record
SF:lib/src/features/programs/presentation/widgets/no_valves_widget.dart
DA:9,1
DA:11,0
DA:13,0
DA:14,0
DA:15,0
DA:17,0
DA:19,0
DA:20,0
DA:22,0
DA:24,0
DA:25,0
DA:26,0
DA:30,0
DA:31,0
DA:36,0
DA:37,0
DA:38,0
DA:39,0
DA:46,0
DA:48,0
DA:50,0
LF:21
LH:1
end_of_record
SF:lib/src/features/programs/presentation/widgets/tile_title_widget.dart
DA:6,1
DA:15,1
DA:17,1
DA:18,1
DA:19,1
DA:20,1
DA:21,1
DA:27,1
DA:28,0
LF:9
LH:8
end_of_record
