SF:lib/src/features/programs/domain/cycle.dart
DA:6,4
DA:11,3
DA:12,3
DA:13,3
DA:14,1
DA:15,1
DA:17,3
DA:18,3
DA:21,2
DA:22,2
DA:23,2
DA:24,2
DA:28,1
DA:33,1
DA:34,1
DA:35,1
DA:39,2
DA:40,6
DA:42,4
DA:47,12
DA:48,12
DA:51,1
DA:52,5
LF:23
LH:23
end_of_record
SF:lib/src/features/programs/presentation/widgets/days_of_week_widget.dart
DA:20,12
DA:22,1
DA:23,1
DA:30,1
DA:32,2
DA:33,1
DA:35,1
DA:37,1
DA:38,2
DA:45,1
DA:46,1
DA:47,2
DA:48,2
LF:13
LH:13
end_of_record
SF:lib/utils.dart
DA:11,1
DA:12,1
DA:14,1
DA:15,1
DA:19,0
DA:24,1
DA:25,2
DA:26,1
DA:30,0
DA:31,0
DA:32,0
DA:33,0
DA:34,0
DA:35,0
DA:36,0
DA:37,0
DA:40,1
DA:41,2
DA:42,5
DA:47,7
DA:50,1
DA:51,1
DA:52,1
DA:53,2
DA:55,1
DA:56,1
DA:57,1
DA:58,1
DA:59,1
DA:60,1
DA:61,1
DA:62,1
DA:63,1
DA:64,1
DA:65,1
DA:66,1
DA:67,1
DA:68,1
DA:74,2
DA:76,2
DA:78,2
DA:80,2
DA:82,2
DA:84,2
DA:86,1
DA:88,1
DA:94,1
DA:95,2
DA:96,1
DA:97,1
DA:98,1
DA:103,1
DA:104,3
DA:105,1
DA:106,1
LF:55
LH:46
end_of_record
SF:lib/src/common_widgets/alert_dialogs.dart
DA:4,0
DA:11,0
DA:14,0
DA:18,0
DA:19,0
DA:24,0
DA:29,0
DA:31,0
DA:32,0
DA:33,0
DA:35,0
DA:36,0
DA:37,0
DA:45,0
DA:50,0
DA:53,0
LF:16
LH:0
end_of_record
SF:lib/src/common_widgets/big_green_button.dart
DA:7,2
DA:18,2
DA:20,6
DA:21,6
DA:23,2
DA:25,2
DA:26,2
DA:28,2
DA:29,2
DA:30,2
DA:31,2
DA:32,2
DA:33,2
DA:34,1
DA:36,6
LF:15
LH:15
end_of_record
SF:lib/src/common_widgets/bottom_screen_widget.dart
DA:7,2
DA:28,2
DA:30,2
DA:31,2
DA:33,2
DA:34,2
DA:36,2
DA:37,2
DA:41,8
LF:9
LH:9
end_of_record
SF:lib/src/common_widgets/button_placeholder.dart
DA:4,60
DA:8,0
DA:10,0
DA:12,0
LF:4
LH:1
end_of_record
SF:lib/src/common_widgets/error_message_widget.dart
DA:4,0
DA:7,0
DA:9,0
DA:11,0
DA:13,0
DA:15,0
DA:16,0
DA:17,0
LF:8
LH:0
end_of_record
SF:lib/src/common_widgets/gardenifi_logo.dart
DA:4,3
DA:13,3
DA:15,3
DA:18,9
LF:4
LH:4
end_of_record
SF:lib/src/common_widgets/menu_button.dart
DA:14,2
DA:27,2
DA:29,4
DA:30,2
DA:32,2
DA:34,2
DA:36,4
DA:37,2
DA:38,2
DA:41,2
DA:43,4
DA:44,0
DA:45,0
DA:50,4
DA:51,2
DA:53,4
DA:54,0
DA:55,0
DA:56,0
DA:57,0
DA:59,0
DA:60,0
DA:61,0
DA:62,0
DA:68,4
DA:69,2
DA:71,0
DA:72,0
DA:74,0
DA:75,0
DA:76,0
DA:77,0
DA:78,0
DA:79,0
DA:80,0
DA:83,4
DA:87,4
DA:88,2
DA:90,0
DA:91,0
DA:93,0
DA:94,0
DA:95,0
DA:96,0
DA:97,0
DA:98,0
DA:99,0
DA:102,4
DA:104,2
DA:110,2
DA:112,4
DA:113,0
DA:117,2
DA:119,4
DA:120,0
DA:121,0
DA:123,0
DA:124,0
DA:125,0
DA:126,0
DA:127,0
DA:128,0
DA:133,4
DA:137,0
LF:64
LH:26
end_of_record
SF:lib/src/common_widgets/snackbar.dart
DA:3,0
DA:4,0
DA:5,0
DA:6,0
DA:7,0
DA:13,0
LF:6
LH:0
end_of_record
SF:lib/src/features/mqtt/presentation/mqtt_controller.dart
DA:16,6
DA:22,3
DA:23,9
DA:24,3
DA:25,1
DA:26,1
DA:27,1
DA:28,1
DA:30,2
DA:33,2
DA:34,1
DA:36,5
DA:38,1
DA:40,1
DA:42,5
DA:44,1
DA:47,1
DA:50,1
DA:51,1
DA:52,2
DA:55,1
DA:56,2
DA:59,1
DA:60,3
DA:61,1
DA:62,1
DA:63,1
DA:64,1
DA:65,1
DA:67,2
DA:68,2
DA:69,2
DA:70,2
DA:72,4
DA:74,1
DA:76,2
DA:77,2
DA:80,3
DA:82,2
DA:84,1
DA:85,1
DA:88,2
DA:90,5
DA:93,1
DA:94,1
DA:96,1
DA:98,5
DA:101,1
DA:102,1
DA:104,1
DA:105,5
DA:108,1
DA:110,3
DA:111,1
DA:113,1
DA:115,5
DA:120,1
DA:121,3
DA:122,1
DA:123,1
DA:126,1
DA:127,3
DA:128,2
DA:131,1
DA:132,3
DA:135,1
DA:136,3
DA:142,6
DA:143,7
DA:145,15
DA:147,15
DA:149,5
DA:151,10
DA:153,12
DA:155,12
DA:157,12
LF:76
LH:76
end_of_record
SF:lib/src/features/programs/presentation/widgets/about_dialog.dart
DA:9,0
DA:13,0
DA:14,0
DA:15,0
DA:16,0
DA:18,0
DA:19,0
DA:21,0
DA:27,0
DA:29,0
DA:30,0
DA:31,0
DA:32,0
DA:34,0
DA:35,0
DA:37,0
DA:39,0
DA:40,0
DA:41,0
LF:19
LH:0
end_of_record
SF:lib/src/features/programs/presentation/widgets/show_add_remov_bottomsheet.dart
DA:8,0
DA:9,0
DA:10,0
DA:12,0
DA:13,0
DA:15,0
DA:17,0
DA:18,0
DA:19,0
DA:35,0
DA:36,0
DA:37,0
DA:39,0
LF:13
LH:0
end_of_record
SF:lib/src/localization/app_localizations_provider.dart
DA:8,12
DA:11,12
DA:12,0
DA:13,0
DA:14,0
DA:17,3
DA:19,0
DA:20,0
DA:21,0
DA:22,0
DA:26,3
DA:27,3
DA:28,9
DA:30,3
DA:34,3
DA:38,0
DA:40,0
DA:41,0
LF:18
LH:8
end_of_record
SF:lib/src/common_widgets/no_bluetooth_widget.dart
DA:9,2
DA:16,2
DA:18,6
DA:19,2
DA:21,2
DA:22,2
DA:23,2
DA:26,2
DA:27,2
DA:28,2
DA:29,2
DA:31,0
DA:32,0
LF:13
LH:11
end_of_record
SF:lib/src/features/bluetooth/data/bluetooth_repository.dart
DA:8,2
DA:11,2
DA:17,0
DA:18,0
DA:21,0
DA:22,0
DA:26,0
DA:28,0
DA:30,0
DA:35,0
DA:36,0
DA:39,0
DA:40,0
DA:45,0
DA:47,0
DA:49,0
DA:53,0
DA:54,0
DA:58,0
DA:61,0
DA:63,0
DA:71,7
DA:72,1
DA:76,4
DA:77,3
DA:78,2
DA:79,1
LF:27
LH:8
end_of_record
SF:lib/src/common_widgets/progress_widget.dart
DA:6,0
DA:17,0
DA:19,0
DA:21,0
DA:22,0
DA:23,0
DA:24,0
DA:26,0
DA:27,0
LF:9
LH:0
end_of_record
SF:lib/src/common_widgets/screen_upper_landscape.dart
DA:7,2
DA:28,2
DA:30,2
DA:32,4
DA:33,2
DA:34,6
DA:36,2
DA:37,2
DA:38,2
DA:45,2
DA:47,6
DA:48,2
DA:49,2
DA:50,2
DA:57,2
DA:59,4
DA:60,2
DA:61,2
DA:62,2
DA:63,2
DA:64,2
DA:65,2
DA:67,2
DA:68,2
DA:69,2
DA:70,2
DA:72,2
DA:73,4
LF:28
LH:28
end_of_record
SF:lib/src/common_widgets/screen_upper_portrait.dart
DA:6,2
DA:27,2
DA:29,2
DA:30,2
DA:31,4
DA:32,2
DA:33,6
DA:35,2
DA:36,2
DA:37,2
DA:44,2
DA:46,6
DA:47,2
DA:48,2
DA:49,2
DA:56,2
DA:57,0
DA:60,0
DA:61,0
DA:62,0
DA:63,0
DA:64,0
DA:67,6
DA:68,2
DA:69,0
DA:70,0
DA:72,0
DA:73,0
LF:28
LH:18
end_of_record
SF:lib/src/constants/mqtt_constants.dart
DA:9,3
DA:10,3
LF:2
LH:2
end_of_record
SF:lib/src/features/bluetooth/domain/wifi_network.dart
DA:6,3
DA:12,3
DA:13,3
DA:14,3
DA:15,3
DA:17,2
DA:18,1
DA:19,1
DA:20,1
DA:22,2
DA:24,8
DA:27,2
DA:31,2
DA:32,6
DA:33,6
DA:34,6
LF:16
LH:16
end_of_record
SF:lib/src/features/bluetooth/domain/wifi_networks.dart
DA:13,2
DA:15,2
DA:17,2
DA:18,2
DA:19,2
DA:20,2
DA:21,2
DA:22,4
DA:23,2
DA:24,8
DA:25,2
DA:34,1
DA:36,6
LF:13
LH:13
end_of_record
SF:lib/src/features/mqtt/domain/mqtt_broker.dart
DA:7,0
DA:9,2
DA:10,2
DA:11,2
DA:12,2
DA:13,2
DA:15,1
DA:17,5
DA:20,1
DA:24,1
DA:25,3
DA:26,3
DA:27,3
DA:28,3
LF:14
LH:13
end_of_record
SF:lib/src/features/bluetooth/presentation/bluetooth_connection/screens/bluetooth_connection_screen.dart
DA:19,25
DA:21,0
DA:22,0
DA:29,0
DA:32,0
DA:33,0
DA:34,0
DA:36,0
DA:39,0
DA:41,0
DA:42,0
DA:43,0
DA:44,0
DA:47,0
DA:50,0
DA:53,0
DA:55,0
DA:57,0
DA:58,0
DA:61,0
DA:63,0
DA:64,0
DA:65,0
DA:67,0
DA:68,0
DA:69,0
DA:75,0
DA:76,0
DA:77,0
DA:79,0
DA:80,0
DA:82,0
DA:84,0
DA:86,0
DA:87,0
DA:89,0
DA:94,0
DA:95,0
DA:96,0
DA:97,0
DA:98,0
DA:100,0
DA:101,0
DA:102,0
DA:117,0
DA:118,0
DA:119,0
DA:120,0
DA:122,0
DA:123,0
DA:125,0
DA:127,0
DA:130,0
DA:131,0
DA:132,0
DA:133,0
DA:137,0
DA:138,0
DA:140,0
DA:142,0
DA:143,0
DA:144,0
DA:145,0
DA:146,0
DA:150,0
DA:151,0
DA:153,0
DA:156,0
DA:157,0
DA:158,0
DA:159,0
LF:71
LH:1
end_of_record
SF:lib/src/features/bluetooth/presentation/bluetooth_connection/widgets/could_not_connect_bluetooth_widget.dart
DA:9,0
DA:18,0
DA:20,0
DA:21,0
DA:23,0
DA:24,0
DA:25,0
DA:29,0
DA:30,0
DA:31,0
DA:32,0
DA:34,0
DA:35,0
LF:13
LH:0
end_of_record
SF:lib/src/features/bluetooth/presentation/bluetooth_connection/widgets/device_not_found_widget.dart
DA:8,0
DA:15,0
DA:17,0
DA:18,0
DA:20,0
DA:22,0
DA:23,0
DA:24,0
DA:28,0
DA:29,0
DA:32,0
DA:33,0
DA:34,0
DA:35,0
DA:37,0
DA:38,0
LF:16
LH:0
end_of_record
SF:lib/src/features/bluetooth/presentation/bluetooth_connection/widgets/pairing_success_widget.dart
DA:8,12
DA:12,0
DA:14,0
DA:15,0
DA:17,0
DA:18,0
DA:19,0
LF:7
LH:1
end_of_record
SF:lib/src/features/bluetooth/presentation/bluetooth_controller.dart
DA:15,1
DA:18,1
DA:34,0
DA:36,1
DA:38,2
DA:39,1
DA:42,1
DA:44,1
DA:46,2
DA:47,2
DA:48,1
DA:52,4
DA:53,1
DA:54,1
DA:55,1
DA:57,3
DA:58,0
DA:59,0
DA:60,0
DA:61,0
DA:62,0
DA:63,0
DA:70,3
DA:72,0
DA:73,0
DA:75,1
DA:76,3
DA:78,0
DA:79,0
DA:80,0
DA:81,0
DA:82,0
DA:83,0
DA:84,0
DA:86,0
DA:87,0
DA:92,0
DA:96,1
DA:97,1
DA:98,2
DA:101,1
DA:102,1
DA:107,1
DA:108,1
DA:109,1
DA:110,3
DA:115,1
DA:117,1
DA:118,1
DA:122,1
DA:124,1
DA:126,2
DA:127,1
DA:128,1
DA:129,1
DA:130,2
DA:133,1
DA:134,2
DA:135,3
DA:136,3
DA:137,3
DA:138,3
DA:141,1
DA:143,2
DA:144,1
DA:145,1
DA:147,2
DA:148,1
DA:150,1
DA:151,2
DA:156,0
DA:157,0
DA:158,0
DA:159,0
DA:161,0
DA:162,0
DA:163,0
DA:170,2
DA:171,2
DA:172,2
DA:173,1
DA:177,0
DA:179,0
DA:183,0
DA:184,0
DA:186,0
DA:187,0
DA:191,0
DA:192,0
DA:193,0
DA:195,0
DA:196,0
DA:200,4
DA:205,4
LF:94
LH:57
end_of_record
SF:lib/src/features/bluetooth/presentation/wifi_connection/screens/wifi_setup_screen.dart
DA:18,0
DA:22,0
DA:23,0
DA:42,0
DA:43,0
DA:44,0
DA:45,0
DA:46,0
DA:51,0
DA:52,0
DA:53,0
DA:54,0
DA:58,0
DA:60,0
DA:62,0
DA:64,0
DA:67,0
DA:70,0
DA:72,0
DA:73,0
DA:74,0
DA:76,0
DA:78,0
DA:80,0
DA:82,0
DA:83,0
DA:84,0
DA:86,0
DA:87,0
DA:88,0
DA:91,0
DA:93,0
DA:94,0
DA:95,0
DA:98,0
DA:100,0
DA:101,0
DA:103,0
DA:104,0
DA:106,0
DA:108,0
DA:109,0
DA:111,0
DA:112,0
DA:114,0
DA:117,0
DA:118,0
DA:120,0
DA:121,0
DA:123,0
DA:125,0
DA:126,0
DA:127,0
DA:129,0
DA:130,0
DA:133,0
DA:134,0
DA:135,0
DA:136,0
DA:140,0
DA:141,0
DA:143,0
DA:146,0
DA:150,0
DA:151,0
DA:153,0
DA:154,0
DA:155,0
DA:157,0
DA:159,0
DA:160,0
DA:161,0
DA:162,0
DA:163,0
DA:164,0
DA:165,0
DA:166,0
DA:167,0
DA:168,0
DA:169,0
DA:171,0
DA:178,0
DA:179,0
DA:180,0
DA:181,0
DA:182,0
DA:183,0
DA:184,0
DA:185,0
DA:193,0
DA:194,0
DA:200,0
DA:201,0
DA:202,0
DA:203,0
DA:204,0
DA:205,0
DA:206,0
DA:207,0
DA:208,0
DA:217,0
DA:218,0
DA:220,0
DA:222,0
LF:104
LH:0
end_of_record
SF:lib/src/features/bluetooth/presentation/bluetooth_connection/screens/welcome_screen.dart
DA:16,12
DA:18,2
DA:20,6
DA:21,6
DA:22,2
DA:25,4
DA:27,4
DA:30,4
DA:32,0
DA:33,0
DA:34,0
DA:39,2
DA:41,2
DA:42,2
DA:43,2
DA:45,2
DA:48,2
DA:49,2
DA:53,2
DA:54,2
DA:55,4
DA:56,2
DA:61,2
DA:62,2
DA:73,2
DA:74,2
DA:75,2
DA:77,2
DA:78,4
DA:79,2
DA:80,2
LF:31
LH:28
end_of_record
SF:lib/src/features/bluetooth/presentation/bluetooth_connection/widgets/connection_lost_widget.dart
DA:9,0
DA:13,0
DA:15,0
DA:16,0
DA:17,0
DA:19,0
DA:20,0
DA:22,0
DA:24,0
DA:25,0
DA:26,0
DA:30,0
DA:31,0
DA:32,0
DA:33,0
DA:35,0
DA:36,0
DA:43,0
DA:45,0
LF:19
LH:0
end_of_record
SF:lib/src/features/bluetooth/presentation/wifi_connection/screens/wifi_connection_screen.dart
DA:12,24
DA:14,0
DA:15,0
DA:19,0
DA:21,0
DA:22,0
DA:25,0
DA:27,0
DA:29,0
DA:30,0
DA:31,0
DA:33,0
DA:34,0
DA:35,0
DA:37,0
DA:38,0
DA:39,0
DA:41,0
DA:42,0
DA:45,0
DA:46,0
LF:21
LH:1
end_of_record
SF:lib/src/features/bluetooth/presentation/wifi_connection/widgets/connection_wifi_success_widget.dart
DA:13,0
DA:22,0
DA:24,0
DA:25,0
DA:26,0
DA:27,0
DA:28,0
DA:30,0
DA:31,0
DA:33,0
DA:35,0
DA:37,0
DA:38,0
DA:39,0
DA:53,0
DA:58,0
DA:59,0
DA:61,0
DA:62,0
DA:63,0
DA:64,0
DA:65,0
LF:22
LH:0
end_of_record
SF:lib/src/features/bluetooth/presentation/wifi_connection/widgets/could_not_connect_to_internet_widget.dart
DA:9,12
DA:11,0
DA:13,0
DA:14,0
DA:15,0
DA:17,0
DA:19,0
DA:20,0
DA:22,0
DA:24,0
DA:25,0
DA:26,0
DA:30,0
DA:31,0
DA:32,0
DA:34,0
DA:35,0
DA:47,0
DA:49,0
DA:51,0
DA:52,0
DA:53,0
DA:54,0
DA:55,0
DA:56,0
LF:25
LH:1
end_of_record
SF:lib/src/features/bluetooth/presentation/wifi_connection/widgets/wait_while_connecting_widget.dart
DA:9,12
DA:13,0
DA:15,0
DA:16,0
DA:17,0
DA:19,0
DA:21,0
DA:22,0
DA:24,0
DA:25,0
LF:10
LH:1
end_of_record
SF:lib/src/features/bluetooth/presentation/wifi_connection/widgets/error_fetching_networks_widget.dart
DA:9,0
DA:16,0
DA:18,0
DA:19,0
DA:20,0
DA:22,0
DA:23,0
DA:25,0
DA:27,0
DA:28,0
DA:29,0
LF:11
LH:0
end_of_record
SF:lib/src/features/bluetooth/presentation/wifi_connection/widgets/refresh_networks_button.dart
DA:6,0
DA:13,0
DA:15,0
DA:16,0
DA:17,0
DA:19,0
LF:6
LH:0
end_of_record
SF:lib/src/features/bluetooth/presentation/wifi_connection/widgets/wait_while_fetching_widget.dart
DA:9,12
DA:13,0
DA:15,0
DA:16,0
DA:17,0
DA:19,0
DA:20,0
DA:22,0
DA:23,0
LF:9
LH:1
end_of_record
SF:lib/src/features/programs/presentation/screens/programs_screen.dart
DA:18,24
DA:20,2
DA:21,2
DA:26,2
DA:28,2
DA:29,4
DA:31,10
DA:34,0
DA:37,0
DA:38,0
DA:42,2
DA:44,6
DA:45,6
DA:46,2
DA:48,6
DA:49,6
DA:50,6
DA:52,6
DA:53,6
DA:54,2
DA:55,0
DA:60,6
DA:62,0
DA:67,2
DA:69,4
DA:70,2
DA:71,0
DA:72,0
DA:73,0
DA:81,0
DA:82,0
DA:87,0
DA:91,0
DA:93,0
DA:94,0
DA:99,2
DA:100,2
DA:102,2
DA:103,2
DA:104,2
DA:112,2
DA:113,2
DA:114,2
DA:115,2
DA:116,1
DA:119,1
DA:120,0
DA:123,1
DA:127,1
DA:130,1
DA:131,3
DA:132,2
LF:52
LH:37
end_of_record
SF:lib/src/features/mqtt/data/mqtt_repository.dart
DA:25,3
DA:30,1
DA:32,2
DA:34,2
DA:35,2
DA:36,2
DA:37,2
DA:38,3
DA:39,3
DA:40,2
DA:41,2
DA:42,2
DA:43,1
DA:46,1
DA:49,1
DA:50,1
DA:53,1
DA:59,1
DA:60,1
DA:63,1
DA:64,1
DA:67,1
DA:68,1
DA:69,1
DA:70,1
DA:72,2
DA:73,1
DA:75,1
DA:76,2
DA:80,1
DA:81,1
DA:82,5
DA:83,5
DA:86,1
DA:87,1
DA:88,5
DA:89,5
DA:95,15
DA:96,3
LF:39
LH:39
end_of_record
SF:lib/src/features/programs/domain/program.dart
DA:12,2
DA:22,2
DA:23,2
DA:24,2
DA:25,2
DA:27,2
DA:28,2
DA:29,2
DA:30,1
DA:31,1
DA:33,2
DA:34,2
DA:35,1
DA:36,1
DA:38,2
DA:40,2
DA:44,8
DA:49,1
DA:50,1
DA:51,1
DA:52,1
DA:53,1
DA:54,5
DA:55,1
DA:59,1
DA:61,6
DA:63,2
DA:67,2
DA:68,6
DA:69,6
DA:70,6
DA:71,6
DA:72,6
DA:75,1
DA:77,3
DA:78,3
DA:79,3
DA:80,3
DA:81,2
LF:39
LH:39
end_of_record
SF:lib/src/features/mqtt/presentation/widgets/can_not_connect_to_broker_widget.dart
DA:9,12
DA:11,0
DA:13,0
DA:14,0
DA:15,0
DA:17,0
DA:19,0
DA:20,0
DA:22,0
DA:24,0
DA:25,0
DA:26,0
DA:27,0
DA:30,0
DA:31,0
DA:35,0
DA:36,0
DA:38,0
DA:40,0
DA:41,0
DA:47,0
DA:49,0
DA:51,0
DA:52,0
DA:53,0
DA:54,0
DA:55,0
DA:56,0
DA:57,0
LF:29
LH:1
end_of_record
SF:lib/src/features/mqtt/presentation/widgets/device_disconnected.dart
DA:7,12
DA:9,0
DA:11,0
DA:12,0
DA:13,0
DA:15,0
DA:16,0
DA:18,0
DA:20,0
DA:21,0
DA:22,0
DA:23,0
DA:26,0
DA:27,0
DA:34,0
DA:36,0
LF:16
LH:1
end_of_record
SF:lib/src/features/mqtt/presentation/widgets/disconnected_from_broker_widget.dart
DA:9,12
DA:11,0
DA:13,0
DA:14,0
DA:15,0
DA:17,0
DA:19,0
DA:20,0
DA:22,0
DA:24,0
DA:25,0
DA:26,0
DA:27,0
DA:30,0
DA:31,0
DA:35,0
DA:36,0
DA:38,0
DA:40,0
DA:41,0
DA:47,0
DA:49,0
DA:51,0
DA:52,0
DA:53,0
DA:54,0
DA:55,0
DA:57,0
DA:58,0
LF:29
LH:1
end_of_record
SF:lib/src/features/programs/presentation/program_controller.dart
DA:16,1
DA:19,0
DA:21,0
DA:22,0
DA:23,0
DA:24,0
DA:27,0
DA:31,0
DA:32,0
DA:33,0
DA:34,0
DA:35,0
DA:37,0
DA:38,0
DA:39,0
DA:40,0
DA:41,0
DA:42,0
DA:48,0
DA:49,0
DA:50,0
DA:51,0
DA:52,0
DA:55,1
DA:56,1
DA:57,0
DA:64,1
DA:66,1
DA:67,0
DA:69,1
DA:73,1
DA:74,3
DA:75,1
DA:76,1
DA:77,1
DA:81,3
DA:82,3
DA:83,2
DA:85,1
DA:90,1
DA:91,3
DA:92,3
DA:93,1
DA:94,1
DA:95,1
DA:97,1
DA:98,1
DA:101,1
DA:102,3
DA:103,1
DA:104,0
DA:106,2
DA:109,4
DA:114,1
DA:115,1
DA:116,0
DA:117,0
DA:118,0
DA:119,0
DA:120,0
DA:121,0
DA:127,0
DA:128,0
DA:129,0
DA:130,0
DA:131,0
DA:132,0
DA:134,0
DA:135,0
DA:137,0
DA:143,1
DA:144,1
DA:145,1
DA:146,0
DA:148,1
DA:154,4
DA:155,1
LF:77
LH:36
end_of_record
SF:lib/src/features/programs/presentation/screens/create_program_screen.dart
DA:21,1
DA:26,1
DA:28,1
DA:36,1
DA:38,3
DA:39,3
DA:40,5
DA:41,6
DA:42,6
DA:44,1
DA:48,1
DA:50,1
DA:52,1
DA:56,0
DA:58,0
DA:64,1
DA:65,1
DA:66,2
DA:67,1
DA:68,2
DA:71,1
DA:73,3
DA:74,3
DA:75,1
DA:77,3
DA:78,3
DA:79,3
DA:80,3
DA:82,3
DA:84,1
DA:85,3
DA:86,0
DA:88,0
DA:90,0
DA:91,0
DA:92,0
DA:93,0
DA:94,0
DA:95,0
DA:99,1
DA:101,2
DA:102,1
DA:103,0
DA:105,1
DA:111,1
DA:118,1
DA:119,1
DA:120,1
DA:121,2
DA:122,1
DA:123,1
DA:124,1
DA:125,1
DA:127,1
DA:129,1
DA:130,1
DA:132,1
DA:133,1
DA:138,0
DA:139,0
DA:140,0
DA:145,1
DA:146,0
DA:147,0
DA:151,1
DA:153,1
DA:154,1
DA:155,1
DA:157,2
DA:169,0
DA:178,0
DA:179,0
DA:181,0
DA:183,0
DA:184,0
DA:185,0
DA:186,0
DA:188,0
DA:191,0
DA:196,0
DA:198,0
DA:200,0
DA:201,0
DA:207,0
DA:208,0
DA:214,1
DA:215,2
DA:216,1
DA:217,1
DA:218,1
DA:225,1
DA:226,1
DA:228,1
DA:230,1
DA:231,1
DA:232,0
DA:234,0
DA:235,0
DA:236,0
DA:238,0
DA:239,0
DA:240,0
DA:241,0
DA:243,0
DA:247,1
DA:248,1
DA:249,1
DA:250,2
DA:251,1
DA:255,1
DA:256,1
DA:257,0
DA:258,0
DA:259,0
DA:275,5
DA:276,0
DA:277,5
DA:278,4
LF:118
LH:73
end_of_record
SF:lib/src/features/programs/presentation/widgets/button_add_cycle.dart
DA:13,1
DA:26,1
DA:28,2
DA:31,1
DA:32,2
DA:34,0
DA:35,0
DA:37,0
DA:38,0
DA:44,0
DA:46,0
DA:47,0
DA:48,0
DA:51,0
DA:53,0
DA:55,0
DA:57,0
DA:58,0
DA:62,2
LF:19
LH:6
end_of_record
SF:lib/src/features/programs/presentation/widgets/cycles_widget.dart
DA:16,12
DA:18,0
DA:19,0
DA:23,0
DA:25,0
DA:26,0
DA:27,0
DA:28,0
DA:29,0
DA:31,0
DA:32,0
DA:33,0
DA:34,0
DA:36,0
DA:38,0
DA:39,0
DA:40,0
DA:43,0
DA:44,0
DA:45,0
DA:47,0
DA:48,0
DA:49,0
DA:50,0
DA:51,0
DA:52,0
DA:62,0
DA:63,0
DA:64,0
DA:65,0
DA:66,0
DA:67,0
DA:70,0
DA:76,0
DA:77,0
DA:78,0
DA:79,0
DA:80,0
DA:83,0
DA:88,0
DA:91,0
DA:92,0
DA:93,0
DA:94,0
DA:98,0
DA:100,0
DA:101,0
DA:103,0
DA:105,0
DA:108,0
DA:113,0
DA:117,0
DA:118,0
LF:53
LH:1
end_of_record
SF:lib/src/features/programs/presentation/widgets/button_delete_program.dart
DA:12,0
DA:23,0
DA:25,0
DA:26,0
DA:27,0
DA:28,0
DA:29,0
DA:31,0
DA:32,0
DA:34,0
DA:35,0
DA:36,0
DA:37,0
DA:38,0
DA:39,0
DA:40,0
LF:16
LH:0
end_of_record
SF:lib/src/features/programs/presentation/widgets/button_save_program.dart
DA:15,0
DA:23,0
DA:32,0
DA:34,0
DA:35,0
DA:36,0
DA:37,0
DA:38,0
DA:39,0
DA:40,0
DA:41,0
DA:43,0
DA:47,0
DA:48,0
DA:51,0
DA:52,0
DA:54,0
DA:56,0
DA:57,0
DA:59,0
DA:60,0
DA:61,0
LF:22
LH:0
end_of_record
SF:lib/src/features/programs/presentation/widgets/no_valves_widget.dart
DA:9,12
DA:11,0
DA:13,0
DA:14,0
DA:15,0
DA:17,0
DA:19,0
DA:20,0
DA:22,0
DA:24,0
DA:25,0
DA:26,0
DA:30,0
DA:31,0
DA:36,0
DA:37,0
DA:38,0
DA:39,0
DA:46,0
DA:48,0
DA:50,0
LF:21
LH:1
end_of_record
SF:lib/src/features/programs/presentation/widgets/valves_widget.dart
DA:20,1
DA:24,1
DA:25,1
DA:30,0
DA:31,0
DA:34,0
DA:35,0
DA:38,1
DA:40,1
DA:43,1
DA:45,3
DA:46,3
DA:47,3
DA:49,1
DA:50,1
DA:51,0
DA:52,0
DA:53,0
DA:55,1
DA:56,1
DA:57,1
DA:58,1
DA:59,3
DA:61,1
DA:63,4
DA:64,3
DA:68,4
DA:71,1
DA:73,1
DA:75,0
DA:76,1
DA:77,0
DA:78,0
DA:79,1
DA:83,4
DA:85,4
DA:89,2
DA:90,1
DA:91,2
DA:92,4
DA:95,1
DA:97,1
DA:99,1
DA:101,0
DA:102,0
DA:105,1
DA:106,0
DA:107,0
DA:108,0
DA:109,0
DA:111,0
DA:114,2
DA:116,0
DA:117,1
DA:118,2
DA:120,2
DA:122,2
DA:123,1
DA:124,1
DA:126,1
DA:127,1
DA:128,1
DA:129,1
DA:131,1
DA:132,2
DA:135,1
DA:136,0
DA:137,0
DA:139,0
DA:140,0
DA:141,0
DA:142,0
DA:143,0
DA:144,0
DA:146,0
DA:151,0
DA:152,0
DA:157,1
DA:158,2
DA:159,0
DA:160,1
DA:162,0
DA:163,0
DA:167,0
DA:168,0
LF:85
LH:51
end_of_record
SF:lib/src/features/programs/presentation/widgets/add_remove_valve_widget.dart
DA:15,12
DA:20,0
DA:21,0
DA:22,0
DA:23,0
DA:27,0
DA:29,0
DA:30,0
DA:32,0
DA:34,0
DA:35,0
DA:37,0
DA:38,0
DA:39,0
DA:40,0
DA:43,0
DA:44,0
DA:45,0
DA:46,0
DA:48,0
DA:49,0
DA:50,0
DA:52,0
DA:54,0
DA:55,0
DA:56,0
DA:57,0
DA:58,0
DA:59,0
DA:60,0
DA:61,0
DA:62,0
DA:67,0
DA:69,0
DA:70,0
DA:71,0
DA:74,0
DA:75,0
LF:38
LH:1
end_of_record
SF:lib/src/features/programs/presentation/widgets/showDuratonPicker.dart
DA:7,0
DA:8,0
DA:10,0
DA:13,0
DA:14,0
DA:15,0
DA:16,0
DA:17,0
DA:20,0
DA:22,0
DA:23,0
DA:28,0
DA:29,0
DA:30,0
DA:31,0
DA:33,0
DA:34,0
DA:35,0
LF:18
LH:0
end_of_record
SF:lib/src/features/programs/presentation/widgets/day_button.dart
DA:10,1
DA:15,1
DA:16,1
DA:20,1
DA:22,1
DA:25,1
DA:27,3
DA:29,3
DA:30,3
DA:32,1
DA:33,1
DA:34,2
DA:36,1
DA:37,1
DA:38,4
DA:39,1
DA:41,1
DA:44,2
DA:45,0
DA:46,0
DA:47,0
DA:48,0
DA:50,0
DA:52,0
DA:53,0
DA:54,0
DA:55,0
DA:57,0
DA:58,0
DA:59,0
LF:30
LH:18
end_of_record
SF:lib/src/features/programs/presentation/widgets/tile_title_widget.dart
DA:6,1
DA:15,1
DA:17,1
DA:18,1
DA:19,1
DA:20,1
DA:21,1
DA:27,1
DA:28,0
LF:9
LH:8
end_of_record
SF:lib/src/root_app.dart
DA:12,4
DA:16,3
DA:18,3
DA:19,6
DA:20,3
DA:23,6
DA:31,8
DA:35,3
DA:36,0
DA:37,0
DA:38,0
DA:39,0
DA:40,0
DA:41,0
LF:14
LH:8
end_of_record
